#
# A fatal error has been detected by the Java Runtime Environment:
#
#  EXCEPTION_ACCESS_VIOLATION (0xc0000005) at pc=0x0000000053674db2, pid=7696, tid=7960
#
# JRE version: Java(TM) SE Runtime Environment (8.0_11-b12) (build 1.8.0_11-b12)
# Java VM: Java HotSpot(TM) 64-Bit Server VM (25.11-b03 mixed mode windows-amd64 compressed oops)
# Problematic frame:
# V  [jvm.dll+0x424db2]
#
# Failed to write core dump. Minidumps are not enabled by default on client versions of Windows
#
# If you would like to submit a bug report, please visit:
#   http://bugreport.sun.com/bugreport/crash.jsp
#

---------------  T H R E A D  ---------------

Current thread (0x00000000059ba800):  JavaThread "C2 CompilerThread1" daemon [_thread_in_native, id=7960, stack(0x00000000073c0000,0x00000000074c0000)]

siginfo: ExceptionCode=0xc0000005, reading address 0x0000000000000000

Registers:
RAX=0x000000000e8a3fc8, RBX=0x0000000000000600, RCX=0x0000000000000000, RDX=0x0000000007ecac10
RSP=0x00000000074bc2d0, RBP=0x00000000000000c0, RSI=0x00000000000000b8, RDI=0x0000000000000000
R8 =0x0000000053250000, R9 =0x00000000074bc5f0, R10=0x00000000ffffffff, R11=0x0000000006fa5090
R12=0x000000000e8a46d0, R13=0x000000000a56e308, R14=0x0000000000000008, R15=0x000000000a56e308
RIP=0x0000000053674db2, EFLAGS=0x0000000000010206

Top of Stack: (sp=0x00000000074bc2d0)
0x00000000074bc2d0:   00000000000000da 0000000007ec6420
0x00000000074bc2e0:   0000000000000000 000000000a5dcb68
0x00000000074bc2f0:   0000000000000001 0000000000000600
0x00000000074bc300:   0000000000000180 00000000000000c0
0x00000000074bc310:   0000000007e19a10 00000000059b73b0
0x00000000074bc320:   0000000000000730 0000000007ec6420
0x00000000074bc330:   00000000074bc5f0 000000000e8a10b0
0x00000000074bc340:   0000000000000020 0000000000000009
0x00000000074bc350:   000000000e8a46a0 00000000000000da
0x00000000074bc360:   000000000a56e308 000000005367598d
0x00000000074bc370:   000000000e8a46a0 000000000000001c
0x00000000074bc380:   00000000000000da 00000000074bc5f0
0x00000000074bc390:   0000000007ecac10 00000000000000da
0x00000000074bc3a0:   000000000e8a10b0 0000000000000020
0x00000000074bc3b0:   000000000dce27a8 00000000074be960
0x00000000074bc3c0:   000000000dce2dd8 000000000e8a46a0 

Instructions: (pc=0x0000000053674db2)
0x0000000053674d92:   c6 48 63 f0 48 03 f1 eb 04 48 83 ce ff 48 8b 84
0x0000000053674da2:   24 a0 00 00 00 48 8b 40 08 48 8b 3c 03 48 8b cf
0x0000000053674db2:   48 8b 07 ff 50 28 4c 8d 05 41 b2 bd ff 48 63 50
0x0000000053674dc2:   10 4c 8b d8 48 8b ca 48 c1 e1 05 42 80 bc 01 c0 


Register to memory mapping:

RAX=0x000000000e8a3fc8 is an unknown value
RBX=0x0000000000000600 is an unknown value
RCX=0x0000000000000000 is an unknown value
RDX=0x0000000007ecac10 is an unknown value
RSP=0x00000000074bc2d0 is pointing into the stack for thread: 0x00000000059ba800
RBP=0x00000000000000c0 is an unknown value
RSI=0x00000000000000b8 is an unknown value
RDI=0x0000000000000000 is an unknown value
R8 =0x0000000053250000 is an unknown value
R9 =0x00000000074bc5f0 is pointing into the stack for thread: 0x00000000059ba800
R10=0x00000000ffffffff is an unknown value
R11=0x0000000006fa5090 is an unknown value
R12=0x000000000e8a46d0 is an unknown value
R13=0x000000000a56e308 is an unknown value
R14=0x0000000000000008 is an unknown value
R15=0x000000000a56e308 is an unknown value


Stack: [0x00000000073c0000,0x00000000074c0000],  sp=0x00000000074bc2d0,  free space=1008k
Native frames: (J=compiled Java code, j=interpreted, Vv=VM code, C=native code)
V  [jvm.dll+0x424db2]
V  [jvm.dll+0x42598d]
V  [jvm.dll+0x425ecf]
V  [jvm.dll+0x4c5a84]
V  [jvm.dll+0x4415bc]
V  [jvm.dll+0x443a29]
V  [jvm.dll+0x427722]
V  [jvm.dll+0x96982]
V  [jvm.dll+0x97173]
V  [jvm.dll+0x2234b4]
V  [jvm.dll+0x27bcca]
C  [msvcr100.dll+0x21d9f]
C  [msvcr100.dll+0x21e3b]
C  [KERNEL32.DLL+0x13d2]
C  [ntdll.dll+0x15444]


Current CompileTask:
C2:  92593 6658       4       groovy.lang.MetaClassImpl::findPropertyMethod (356 bytes)


---------------  P R O C E S S  ---------------

Java Threads: ( => current thread )
  0x0000000008d88800 JavaThread "__DEFAULT__" daemon [_thread_blocked, id=9076, stack(0x000000000af10000,0x000000000b010000)]
  0x000000000a5c1800 JavaThread "Abandoned connection cleanup thread" daemon [_thread_blocked, id=6308, stack(0x000000001e010000,0x000000001e110000)]
  0x0000000009f5d000 JavaThread "PoolCleaner[1812831622:1437260639883]" daemon [_thread_blocked, id=9052, stack(0x000000001e160000,0x000000001e260000)]
  0x000000000866f800 JavaThread "FileSystemWatcher: files=#104 cl=groovy.lang.GroovyClassLoader@6c0d9d86" daemon [_thread_blocked, id=3872, stack(0x000000000b920000,0x000000000ba20000)]
  0x0000000007ed9000 JavaThread "localhost-startStop-1" daemon [_thread_in_vm, id=3632, stack(0x000000000b620000,0x000000000b720000)]
  0x0000000007ed8800 JavaThread "Tomcat-startStop-1" daemon [_thread_blocked, id=9040, stack(0x000000000b520000,0x000000000b620000)]
  0x0000000009b89000 JavaThread "Thread-3" [_thread_in_native, id=4992, stack(0x000000000b220000,0x000000000b320000)]
  0x0000000008eed800 JavaThread "Thread-2" [_thread_blocked, id=5700, stack(0x0000000009770000,0x0000000009870000)]
  0x0000000007ca8000 JavaThread "NonBlockingInputStreamThread" daemon [_thread_blocked, id=5404, stack(0x00000000084a0000,0x00000000085a0000)]
  0x00000000070b0800 JavaThread "Service Thread" daemon [_thread_blocked, id=9100, stack(0x00000000075c0000,0x00000000076c0000)]
  0x00000000059bb800 JavaThread "C1 CompilerThread2" daemon [_thread_blocked, id=7004, stack(0x00000000074c0000,0x00000000075c0000)]
=>0x00000000059ba800 JavaThread "C2 CompilerThread1" daemon [_thread_in_native, id=7960, stack(0x00000000073c0000,0x00000000074c0000)]
  0x0000000006f63000 JavaThread "C2 CompilerThread0" daemon [_thread_in_native, id=2276, stack(0x00000000072c0000,0x00000000073c0000)]
  0x0000000005961000 JavaThread "Attach Listener" daemon [_thread_blocked, id=8488, stack(0x0000000006dc0000,0x0000000006ec0000)]
  0x000000000595f800 JavaThread "Signal Dispatcher" daemon [_thread_blocked, id=8856, stack(0x0000000006cc0000,0x0000000006dc0000)]
  0x0000000002be9800 JavaThread "Finalizer" daemon [_thread_blocked, id=2644, stack(0x0000000006bc0000,0x0000000006cc0000)]
  0x0000000005928800 JavaThread "Reference Handler" daemon [_thread_blocked, id=8188, stack(0x0000000006ac0000,0x0000000006bc0000)]
  0x0000000002af4000 JavaThread "main" [_thread_blocked, id=8888, stack(0x00000000028c0000,0x00000000029c0000)]

Other Threads:
  0x0000000005926000 VMThread [stack: 0x00000000069c0000,0x0000000006ac0000] [id=8072]
  0x00000000070b5000 WatcherThread [stack: 0x00000000076c0000,0x00000000077c0000] [id=7084]

VM state:not at safepoint (normal execution)

VM Mutex/Monitor currently owned by a thread: None

Heap:
 PSYoungGen      total 215552K, used 90280K [0x00000000f0000000, 0x0000000100000000, 0x0000000100000000)
  eden space 177152K, 32% used [0x00000000f0000000,0x00000000f37bb7d8,0x00000000fad00000)
  from space 38400K, 86% used [0x00000000fda80000,0x00000000ffaeeb80,0x0000000100000000)
  to   space 42496K, 0% used [0x00000000fad00000,0x00000000fad00000,0x00000000fd680000)
 ParOldGen       total 77312K, used 64367K [0x00000000d0000000, 0x00000000d4b80000, 0x00000000f0000000)
  object space 77312K, 83% used [0x00000000d0000000,0x00000000d3edbfd8,0x00000000d4b80000)
 Metaspace       used 58988K, capacity 60708K, committed 61056K, reserved 1103872K
  class space    used 6716K, capacity 7217K, committed 7296K, reserved 1048576K

Card table byte_map: [0x0000000002fb0000,0x0000000003140000] byte_map_base: 0x0000000002930000

Marking Bits: (ParMarkBitMap*) 0x0000000053a012b0
 Begin Bits: [0x0000000003640000, 0x0000000004240000)
 End Bits:   [0x0000000004240000, 0x0000000004e40000)

Polling page: 0x0000000000c50000

CodeCache: size=245760Kb used=20257Kb max_used=20562Kb free=225502Kb
 bounds [0x000000000f010000, 0x0000000010450000, 0x000000001e010000]
 total_blobs=6462 nmethods=5694 adapters=678
 compilation: enabled

Compilation events (10 events):
Event: 92.193 Thread 0x00000000059bb800 6660       3       org.codehaus.groovy.runtime.callsite.AbstractCallSite::call (9 bytes)
Event: 92.193 Thread 0x00000000059bb800 nmethod 6660 0x000000000f9f5250 code [0x000000000f9f53c0, 0x000000000f9f55c8]
Event: 92.199 Thread 0x00000000059bb800 6661       3       sun.reflect.generics.tree.VoidDescriptor::accept (8 bytes)
Event: 92.199 Thread 0x00000000059bb800 nmethod 6661 0x000000000f4cb250 code [0x000000000f4cb3c0, 0x000000000f4cb690]
Event: 92.200 Thread 0x00000000059bb800 6662       3       sun.reflect.generics.visitor.Reifier::visitVoidDescriptor (14 bytes)
Event: 92.200 Thread 0x00000000059bb800 nmethod 6662 0x000000000f718990 code [0x000000000f718b00, 0x000000000f718d10]
Event: 92.200 Thread 0x00000000059bb800 6663   !   3       org.codehaus.groovy.reflection.CachedMethod::createPogoMetaMethodSite (129 bytes)
Event: 92.201 Thread 0x00000000059bb800 nmethod 6663 0x000000000f570a10 code [0x000000000f570c60, 0x000000000f571ec8]
Event: 92.245 Thread 0x00000000059ba800 nmethod 6607 0x0000000010435290 code [0x0000000010435ea0, 0x000000001043b130]
Event: 92.245 Thread 0x00000000059ba800 6658       4       groovy.lang.MetaClassImpl::findPropertyMethod (356 bytes)

GC Heap History (10 events):
Event: 82.654 GC heap before
{Heap before GC invocations=73 (full 5):
 PSYoungGen      total 220672K, used 186942K [0x00000000f0000000, 0x0000000100000000, 0x0000000100000000)
  eden space 182784K, 99% used [0x00000000f0000000,0x00000000fb0e0a98,0x00000000fb280000)
  from space 37888K, 15% used [0x00000000fb280000,0x00000000fb82efa0,0x00000000fd780000)
  to   space 37888K, 0% used [0x00000000fdb00000,0x00000000fdb00000,0x0000000100000000)
 ParOldGen       total 77312K, used 63959K [0x00000000d0000000, 0x00000000d4b80000, 0x00000000f0000000)
  object space 77312K, 82% used [0x00000000d0000000,0x00000000d3e75fd8,0x00000000d4b80000)
 Metaspace       used 53700K, capacity 55186K, committed 55424K, reserved 1097728K
  class space    used 6026K, capacity 6509K, committed 6528K, reserved 1048576K
Event: 82.700 GC heap after
Heap after GC invocations=73 (full 5):
 PSYoungGen      total 223232K, used 8289K [0x00000000f0000000, 0x00000000fff00000, 0x0000000100000000)
  eden space 186368K, 0% used [0x00000000f0000000,0x00000000f0000000,0x00000000fb600000)
  from space 36864K, 22% used [0x00000000fdb00000,0x00000000fe318440,0x00000000fff00000)
  to   space 37376K, 0% used [0x00000000fb600000,0x00000000fb600000,0x00000000fda80000)
 ParOldGen       total 77312K, used 63967K [0x00000000d0000000, 0x00000000d4b80000, 0x00000000f0000000)
  object space 77312K, 82% used [0x00000000d0000000,0x00000000d3e77fd8,0x00000000d4b80000)
 Metaspace       used 53700K, capacity 55186K, committed 55424K, reserved 1097728K
  class space    used 6026K, capacity 6509K, committed 6528K, reserved 1048576K
}
Event: 85.621 GC heap before
{Heap before GC invocations=74 (full 5):
 PSYoungGen      total 223232K, used 194657K [0x00000000f0000000, 0x00000000fff00000, 0x0000000100000000)
  eden space 186368K, 100% used [0x00000000f0000000,0x00000000fb600000,0x00000000fb600000)
  from space 36864K, 22% used [0x00000000fdb00000,0x00000000fe318440,0x00000000fff00000)
  to   space 37376K, 0% used [0x00000000fb600000,0x00000000fb600000,0x00000000fda80000)
 ParOldGen       total 77312K, used 63967K [0x00000000d0000000, 0x00000000d4b80000, 0x00000000f0000000)
  object space 77312K, 82% used [0x00000000d0000000,0x00000000d3e77fd8,0x00000000d4b80000)
 Metaspace       used 54555K, capacity 56052K, committed 56320K, reserved 1099776K
  class space    used 6138K, capacity 6617K, committed 6656K, reserved 1048576K
Event: 85.650 GC heap after
Heap after GC invocations=74 (full 5):
 PSYoungGen      total 200192K, used 13443K [0x00000000f0000000, 0x00000000ffc80000, 0x0000000100000000)
  eden space 186368K, 0% used [0x00000000f0000000,0x00000000f0000000,0x00000000fb600000)
  from space 13824K, 97% used [0x00000000fb600000,0x00000000fc320f60,0x00000000fc380000)
  to   space 35328K, 0% used [0x00000000fda00000,0x00000000fda00000,0x00000000ffc80000)
 ParOldGen       total 77312K, used 64079K [0x00000000d0000000, 0x00000000d4b80000, 0x00000000f0000000)
  object space 77312K, 82% used [0x00000000d0000000,0x00000000d3e93fd8,0x00000000d4b80000)
 Metaspace       used 54555K, capacity 56052K, committed 56320K, reserved 1099776K
  class space    used 6138K, capacity 6617K, committed 6656K, reserved 1048576K
}
Event: 88.219 GC heap before
{Heap before GC invocations=75 (full 5):
 PSYoungGen      total 200192K, used 199811K [0x00000000f0000000, 0x00000000ffc80000, 0x0000000100000000)
  eden space 186368K, 100% used [0x00000000f0000000,0x00000000fb600000,0x00000000fb600000)
  from space 13824K, 97% used [0x00000000fb600000,0x00000000fc320f60,0x00000000fc380000)
  to   space 35328K, 0% used [0x00000000fda00000,0x00000000fda00000,0x00000000ffc80000)
 ParOldGen       total 77312K, used 64079K [0x00000000d0000000, 0x00000000d4b80000, 0x00000000f0000000)
  object space 77312K, 82% used [0x00000000d0000000,0x00000000d3e93fd8,0x00000000d4b80000)
 Metaspace       used 55832K, capacity 57434K, committed 57728K, reserved 1099776K
  class space    used 6274K, capacity 6755K, committed 6784K, reserved 1048576K
Event: 88.271 GC heap after
Heap after GC invocations=75 (full 5):
 PSYoungGen      total 223232K, used 20490K [0x00000000f0000000, 0x0000000100000000, 0x0000000100000000)
  eden space 187904K, 0% used [0x00000000f0000000,0x00000000f0000000,0x00000000fb780000)
  from space 35328K, 57% used [0x00000000fda00000,0x00000000fee02868,0x00000000ffc80000)
  to   space 35328K, 0% used [0x00000000fb780000,0x00000000fb780000,0x00000000fda00000)
 ParOldGen       total 77312K, used 64111K [0x00000000d0000000, 0x00000000d4b80000, 0x00000000f0000000)
  object space 77312K, 82% used [0x00000000d0000000,0x00000000d3e9bfd8,0x00000000d4b80000)
 Metaspace       used 55832K, capacity 57434K, committed 57728K, reserved 1099776K
  class space    used 6274K, capacity 6755K, committed 6784K, reserved 1048576K
}
Event: 90.832 GC heap before
{Heap before GC invocations=76 (full 5):
 PSYoungGen      total 223232K, used 200076K [0x00000000f0000000, 0x0000000100000000, 0x0000000100000000)
  eden space 187904K, 95% used [0x00000000f0000000,0x00000000faf60b70,0x00000000fb780000)
  from space 35328K, 57% used [0x00000000fda00000,0x00000000fee02868,0x00000000ffc80000)
  to   space 35328K, 0% used [0x00000000fb780000,0x00000000fb780000,0x00000000fda00000)
 ParOldGen       total 77312K, used 64111K [0x00000000d0000000, 0x00000000d4b80000, 0x00000000f0000000)
  object space 77312K, 82% used [0x00000000d0000000,0x00000000d3e9bfd8,0x00000000d4b80000)
 Metaspace       used 57744K, capacity 59428K, committed 59776K, reserved 1101824K
  class space    used 6521K, capacity 7012K, committed 7040K, reserved 1048576K
Event: 90.870 GC heap after
Heap after GC invocations=76 (full 5):
 PSYoungGen      total 223232K, used 29880K [0x00000000f0000000, 0x0000000100000000, 0x0000000100000000)
  eden space 187904K, 0% used [0x00000000f0000000,0x00000000f0000000,0x00000000fb780000)
  from space 35328K, 84% used [0x00000000fb780000,0x00000000fd4ae0d0,0x00000000fda00000)
  to   space 38400K, 0% used [0x00000000fda80000,0x00000000fda80000,0x0000000100000000)
 ParOldGen       total 77312K, used 64255K [0x00000000d0000000, 0x00000000d4b80000, 0x00000000f0000000)
  object space 77312K, 83% used [0x00000000d0000000,0x00000000d3ebffd8,0x00000000d4b80000)
 Metaspace       used 57744K, capacity 59428K, committed 59776K, reserved 1101824K
  class space    used 6521K, capacity 7012K, committed 7040K, reserved 1048576K
}
Event: 92.058 GC heap before
{Heap before GC invocations=77 (full 5):
 PSYoungGen      total 223232K, used 211721K [0x00000000f0000000, 0x0000000100000000, 0x0000000100000000)
  eden space 187904K, 96% used [0x00000000f0000000,0x00000000fb1945b0,0x00000000fb780000)
  from space 35328K, 84% used [0x00000000fb780000,0x00000000fd4ae0d0,0x00000000fda00000)
  to   space 38400K, 0% used [0x00000000fda80000,0x00000000fda80000,0x0000000100000000)
 ParOldGen       total 77312K, used 64255K [0x00000000d0000000, 0x00000000d4b80000, 0x00000000f0000000)
  object space 77312K, 83% used [0x00000000d0000000,0x00000000d3ebffd8,0x00000000d4b80000)
 Metaspace       used 58612K, capacity 60322K, committed 60672K, reserved 1103872K
  class space    used 6662K, capacity 7156K, committed 7168K, reserved 1048576K
Event: 92.091 GC heap after
Heap after GC invocations=77 (full 5):
 PSYoungGen      total 215552K, used 33210K [0x00000000f0000000, 0x0000000100000000, 0x0000000100000000)
  eden space 177152K, 0% used [0x00000000f0000000,0x00000000f0000000,0x00000000fad00000)
  from space 38400K, 86% used [0x00000000fda80000,0x00000000ffaeeb80,0x0000000100000000)
  to   space 42496K, 0% used [0x00000000fad00000,0x00000000fad00000,0x00000000fd680000)
 ParOldGen       total 77312K, used 64367K [0x00000000d0000000, 0x00000000d4b80000, 0x00000000f0000000)
  object space 77312K, 83% used [0x00000000d0000000,0x00000000d3edbfd8,0x00000000d4b80000)
 Metaspace       used 58612K, capacity 60322K, committed 60672K, reserved 1103872K
  class space    used 6662K, capacity 7156K, committed 7168K, reserved 1048576K
}

Deoptimization events (10 events):
Event: 91.064 Thread 0x0000000007ed9000 Uncommon trap: reason=class_check action=maybe_recompile pc=0x00000000103dcdd0 method=org.springframework.transaction.interceptor.TransactionAttributeSourcePointcut.matches(Ljava/lang/reflect/Method;Ljava/lang/Class;)Z @ 12
Event: 91.064 Thread 0x0000000007ed9000 Uncommon trap: reason=class_check action=maybe_recompile pc=0x00000000103dcdd0 method=org.springframework.transaction.interceptor.TransactionAttributeSourcePointcut.matches(Ljava/lang/reflect/Method;Ljava/lang/Class;)Z @ 12
Event: 91.064 Thread 0x0000000007ed9000 Uncommon trap: reason=class_check action=maybe_recompile pc=0x00000000103dcdd0 method=org.springframework.transaction.interceptor.TransactionAttributeSourcePointcut.matches(Ljava/lang/reflect/Method;Ljava/lang/Class;)Z @ 12
Event: 91.622 Thread 0x0000000007ed9000 Uncommon trap: reason=unreached action=reinterpret pc=0x000000000f53d2e8 method=org.codehaus.groovy.runtime.metaclass.MetaMethodIndex.isNonRealMethod(Lgroovy/lang/MetaMethod;)Z @ 32
Event: 92.101 Thread 0x0000000007ed9000 Uncommon trap: reason=null_check action=make_not_entrant pc=0x000000001041b7b0 method=java.beans.PropertyDescriptor.findPropertyType(Ljava/lang/reflect/Method;Ljava/lang/reflect/Method;)Ljava/lang/Class; @ 157
Event: 92.194 Thread 0x0000000007ed9000 Uncommon trap: reason=class_check action=maybe_recompile pc=0x000000000f612100 method=groovy.lang.MetaClassImpl.isGenericGetMethod(Lgroovy/lang/MetaMethod;)Z @ 14
Event: 92.194 Thread 0x0000000007ed9000 Uncommon trap: reason=class_check action=maybe_recompile pc=0x000000000f61216c method=org.codehaus.groovy.runtime.MetaClassHelper.isGenericSetMethod(Lgroovy/lang/MetaMethod;)Z @ 14
Event: 92.194 Thread 0x0000000007ed9000 Uncommon trap: reason=class_check action=maybe_recompile pc=0x000000000f612100 method=groovy.lang.MetaClassImpl.isGenericGetMethod(Lgroovy/lang/MetaMethod;)Z @ 14
Event: 92.194 Thread 0x0000000007ed9000 Uncommon trap: reason=class_check action=maybe_recompile pc=0x000000000f61216c method=org.codehaus.groovy.runtime.MetaClassHelper.isGenericSetMethod(Lgroovy/lang/MetaMethod;)Z @ 14
Event: 92.194 Thread 0x0000000007ed9000 Uncommon trap: reason=class_check action=maybe_recompile pc=0x000000000f612100 method=groovy.lang.MetaClassImpl.isGenericGetMethod(Lgroovy/lang/MetaMethod;)Z @ 14

Internal exceptions (10 events):
Event: 92.301 Thread 0x0000000007ed9000 Exception <a 'java/security/PrivilegedActionException'> (0x00000000f20768b0) thrown at [C:\re\workspace\8-2-build-windows-amd64-cygwin\jdk8u11\648\hotspot\src\share\vm\prims\jvm.cpp, line 1248]
Event: 92.301 Thread 0x0000000007ed9000 Exception <a 'java/security/PrivilegedActionException'> (0x00000000f2089cd0) thrown at [C:\re\workspace\8-2-build-windows-amd64-cygwin\jdk8u11\648\hotspot\src\share\vm\prims\jvm.cpp, line 1248]
Event: 92.302 Thread 0x0000000007ed9000 Exception <a 'java/security/PrivilegedActionException'> (0x00000000f20b4b40) thrown at [C:\re\workspace\8-2-build-windows-amd64-cygwin\jdk8u11\648\hotspot\src\share\vm\prims\jvm.cpp, line 1248]
Event: 92.302 Thread 0x0000000007ed9000 Exception <a 'java/lang/ClassNotFoundException': org/codehaus/groovy/grails/orm/hibernate/HibernateGormInstanceApiCustomizer> (0x00000000f20b5a88) thrown at [C:\re\workspace\8-2-build-windows-amd64-cygwin\jdk8u11\648\hotspot\src\share\vm\classfile\systemDi…6xHdW@
Event: 92.303 Thread 0x0000000007ed9000 Exception <a 'java/security/PrivilegedActionException'> (0x00000000f2103ef0) thrown at [C:\re\workspace\8-2-build-windows-amd64-cygwin\jdk8u11\648\hotspot\src\share\vm\prims\jvm.cpp, line 1248]
Event: 92.303 Thread 0x0000000007ed9000 Exception <a 'java/security/PrivilegedActionException'> (0x00000000f2109508) thrown at [C:\re\workspace\8-2-build-windows-amd64-cygwin\jdk8u11\648\hotspot\src\share\vm\prims\jvm.cpp, line 1248]
Event: 92.304 Thread 0x0000000007ed9000 Exception <a 'java/security/PrivilegedActionException'> (0x00000000f211ffc8) thrown at [C:\re\workspace\8-2-build-windows-amd64-cygwin\jdk8u11\648\hotspot\src\share\vm\prims\jvm.cpp, line 1248]
Event: 92.304 Thread 0x0000000007ed9000 Exception <a 'java/security/PrivilegedActionException'> (0x00000000f2125d60) thrown at [C:\re\workspace\8-2-build-windows-amd64-cygwin\jdk8u11\648\hotspot\src\share\vm\prims\jvm.cpp, line 1248]
Event: 92.326 Thread 0x0000000007ed9000 Exception <a 'java/security/PrivilegedActionException'> (0x00000000f2146238) thrown at [C:\re\workspace\8-2-build-windows-amd64-cygwin\jdk8u11\648\hotspot\src\share\vm\prims\jvm.cpp, line 1248]
Event: 92.326 Thread 0x0000000007ed9000 Exception <a 'java/security/PrivilegedActionException'> (0x00000000f214c0e0) thrown at [C:\re\workspace\8-2-build-windows-amd64-cygwin\jdk8u11\648\hotspot\src\share\vm\prims\jvm.cpp, line 1248]

Events (10 events):
Event: 92.301 loading class org/codehaus/groovy/grails/orm/hibernate/HibernateGormInstanceApiCustomizer
Event: 92.301 loading class org/codehaus/groovy/grails/orm/hibernate/HibernateGormInstanceApiCustomizer done
Event: 92.302 loading class org/codehaus/groovy/grails/orm/hibernate/HibernateGormInstanceApiCustomizer
Event: 92.302 loading class org/codehaus/groovy/grails/orm/hibernate/HibernateGormInstanceApiCustomizer done
Event: 92.303 loading class org/codehaus/groovy/grails/orm/hibernate/metaclass/SavePersistentMethod
Event: 92.303 loading class org/codehaus/groovy/grails/orm/hibernate/metaclass/SavePersistentMethod done
Event: 92.304 loading class org/codehaus/groovy/grails/orm/hibernate/metaclass/AbstractSavePersistentMethod
Event: 92.304 loading class org/codehaus/groovy/grails/orm/hibernate/metaclass/AbstractSavePersistentMethod done
Event: 92.326 loading class org/codehaus/groovy/grails/orm/hibernate/metaclass/AbstractDynamicPersistentMethod
Event: 92.326 loading class org/codehaus/groovy/grails/orm/hibernate/metaclass/AbstractDynamicPersistentMethod done


Dynamic libraries:
0x00007ff65b200000 - 0x00007ff65b234000 	C:\Program Files\Java\jdk1.8.0_11\bin\java.exe
0x00007ff8204d0000 - 0x00007ff82067c000 	C:\Windows\SYSTEM32\ntdll.dll
0x00007ff81fc70000 - 0x00007ff81fdae000 	C:\Windows\system32\KERNEL32.DLL
0x00007ff81da40000 - 0x00007ff81db55000 	C:\Windows\system32\KERNELBASE.dll
0x0000000056300000 - 0x000000005639f000 	C:\Program Files\Bitdefender\Antivirus Free Edition\avc3\avc3_sig_313\avcuf64.dll
0x00007ff81c180000 - 0x00007ff81c20e000 	C:\Windows\system32\apphelp.dll
0x00007ff8140d0000 - 0x00007ff814123000 	C:\Windows\AppPatch\AppPatch64\AcGenral.DLL
0x00007ff81de50000 - 0x00007ff81defa000 	C:\Windows\system32\msvcrt.dll
0x00007ff81d230000 - 0x00007ff81d25e000 	C:\Windows\SYSTEM32\SspiCli.dll
0x00007ff81e200000 - 0x00007ff81e254000 	C:\Windows\system32\SHLWAPI.dll
0x00007ff81e080000 - 0x00007ff81e1f7000 	C:\Windows\system32\USER32.dll
0x00007ff81fdb0000 - 0x00007ff81ff44000 	C:\Windows\system32\ole32.dll
0x00007ff81e750000 - 0x00007ff81fc69000 	C:\Windows\system32\SHELL32.dll
0x00007ff81cb80000 - 0x00007ff81cba1000 	C:\Windows\SYSTEM32\USERENV.dll
0x00007ff81dd90000 - 0x00007ff81de3a000 	C:\Windows\system32\ADVAPI32.dll
0x00007ff814630000 - 0x00007ff81464e000 	C:\Windows\SYSTEM32\MPR.dll
0x00007ff81ff60000 - 0x00007ff8200a1000 	C:\Windows\system32\RPCRT4.dll
0x00007ff81e020000 - 0x00007ff81e079000 	C:\Windows\SYSTEM32\sechost.dll
0x00007ff8202b0000 - 0x00007ff8204c1000 	C:\Windows\SYSTEM32\combase.dll
0x00007ff81e600000 - 0x00007ff81e750000 	C:\Windows\system32\GDI32.dll
0x00007ff81d630000 - 0x00007ff81d645000 	C:\Windows\SYSTEM32\profapi.dll
0x00007ff81b750000 - 0x00007ff81b802000 	C:\Windows\SYSTEM32\SHCORE.dll
0x00007ff81db70000 - 0x00007ff81dba6000 	C:\Windows\system32\IMM32.DLL
0x00007ff8200b0000 - 0x00007ff820202000 	C:\Windows\system32\MSCTF.dll
0x00007ff81d5e0000 - 0x00007ff81d611000 	C:\Windows\system32\nvinitx.dll
0x00007ff81d5d0000 - 0x00007ff81d5da000 	C:\Windows\SYSTEM32\VERSION.dll
0x000000000f000000 - 0x000000000f006000 	C:\Program Files\NVIDIA Corporation\CoProcManager\_etoured.dll
0x00007ff81b810000 - 0x00007ff81b841000 	C:\Program Files\NVIDIA Corporation\CoProcManager\nvd3d9wrapx.dll
0x00007ff81dbb0000 - 0x00007ff81dd8a000 	C:\Windows\system32\SETUPAPI.dll
0x00007ff81d9f0000 - 0x00007ff81da3f000 	C:\Windows\system32\CFGMGR32.dll
0x00007ff81a900000 - 0x00007ff81a922000 	C:\Program Files\NVIDIA Corporation\CoProcManager\nvdxgiwrapx.dll
0x00007ff81b140000 - 0x00007ff81b3ba000 	C:\Windows\WinSxS\amd64_microsoft.windows.common-controls_6595b64144ccf1df_6.0.9600.17810_none_6240b9c7ecbd0bda\COMCTL32.dll
0x0000000054380000 - 0x0000000054452000 	C:\Program Files\Java\jdk1.8.0_11\jre\bin\msvcr100.dll
0x0000000053250000 - 0x0000000053a7a000 	C:\Program Files\Java\jdk1.8.0_11\jre\bin\server\jvm.dll
0x00007ff814620000 - 0x00007ff814629000 	C:\Windows\SYSTEM32\WSOCK32.dll
0x00007ff818f70000 - 0x00007ff818f92000 	C:\Windows\SYSTEM32\WINMM.dll
0x00007ff81ff50000 - 0x00007ff81ff57000 	C:\Windows\system32\PSAPI.DLL
0x00007ff81e260000 - 0x00007ff81e2ba000 	C:\Windows\system32\WS2_32.dll
0x00007ff818e40000 - 0x00007ff818e6a000 	C:\Windows\SYSTEM32\WINMMBASE.dll
0x00007ff8202a0000 - 0x00007ff8202a9000 	C:\Windows\system32\NSI.dll
0x00007ff81c3d0000 - 0x00007ff81c3f8000 	C:\Windows\SYSTEM32\DEVOBJ.dll
0x0000000054730000 - 0x000000005473f000 	C:\Program Files\Java\jdk1.8.0_11\jre\bin\verify.dll
0x0000000054700000 - 0x0000000054728000 	C:\Program Files\Java\jdk1.8.0_11\jre\bin\java.dll
0x00000000546d0000 - 0x00000000546f3000 	C:\Program Files\Java\jdk1.8.0_11\jre\bin\instrument.dll
0x0000000054360000 - 0x0000000054376000 	C:\Program Files\Java\jdk1.8.0_11\jre\bin\zip.dll
0x00007ff81ce50000 - 0x00007ff81ce70000 	C:\Windows\SYSTEM32\CRYPTSP.dll
0x00007ff81ca70000 - 0x00007ff81caa6000 	C:\Windows\system32\rsaenh.dll
0x00007ff81d0a0000 - 0x00007ff81d0c6000 	C:\Windows\SYSTEM32\bcrypt.dll
0x00007ff81d440000 - 0x00007ff81d4a3000 	C:\Windows\system32\bcryptprimitives.dll
0x00007ff81d4b0000 - 0x00007ff81d4bb000 	C:\Windows\SYSTEM32\CRYPTBASE.dll
0x0000000054340000 - 0x000000005435a000 	C:\Program Files\Java\jdk1.8.0_11\jre\bin\net.dll
0x00007ff81cdf0000 - 0x00007ff81ce49000 	C:\Windows\system32\mswsock.dll
0x00007ff818f40000 - 0x00007ff818f6a000 	C:\Windows\SYSTEM32\IPHLPAPI.DLL
0x00007ff818e30000 - 0x00007ff818e3a000 	C:\Windows\SYSTEM32\WINNSI.DLL
0x00007ff818e10000 - 0x00007ff818e26000 	C:\Windows\SYSTEM32\dhcpcsvc6.DLL
0x00007ff818df0000 - 0x00007ff818e0a000 	C:\Windows\SYSTEM32\dhcpcsvc.DLL
0x0000000054320000 - 0x0000000054331000 	C:\Program Files\Java\jdk1.8.0_11\jre\bin\nio.dll
0x00007ff80ba60000 - 0x00007ff80ba6a000 	C:\Temp\jansi-64-3209136643198590675.dll
0x00000000542d0000 - 0x00000000542dd000 	C:\Program Files\Java\jdk1.8.0_11\jre\bin\management.dll
0x00007ff81cbf0000 - 0x00007ff81cc94000 	C:\Windows\SYSTEM32\DNSAPI.dll
0x00007ff813a80000 - 0x00007ff813a8a000 	C:\Windows\System32\rasadhlp.dll
0x00007ff816330000 - 0x00007ff81639b000 	C:\Windows\System32\fwpuclnt.dll
0x00007ff8145b0000 - 0x00007ff8145c5000 	C:\Windows\system32\napinsp.dll
0x00007ff814590000 - 0x00007ff8145aa000 	C:\Windows\system32\pnrpnsp.dll
0x00007ff8175c0000 - 0x00007ff8175db000 	C:\Windows\system32\NLAapi.dll
0x00007ff814580000 - 0x00007ff81458d000 	C:\Windows\System32\winrnr.dll
0x00007ff81ba60000 - 0x00007ff81bbe9000 	C:\Windows\SYSTEM32\dbghelp.dll

VM Arguments:
jvm_args: -Dfile.encoding=UTF-8 -Xmx768M -Xms64M -Dgrails.fork.parent.process.port=17082 -Dgrails.fork.active=true -Dgrails.build.execution.context=C:\Temp\TekDays8782730033076547941grails-execution-context -Dgrails.home=C:\grails\grails-2.4.5 -javaagent:C:\grails\grails-2.4.5\lib\org.springframework\springloaded\jars\springloaded-1.2.3.RELEASE.jar -Xverify:none -Dspringloaded.synchronize=true -Djdk.reflect.allowGetCallerClass=true -Dspringloaded=profile=grails;cacheDir=C:\Users\ISEND_~1/.grails/2.4.5/ 
java_command: org.grails.plugins.tomcat.fork.ForkedTomcatServer
java_class_path (initial): C:\Program Files\Java\jdk1.8.0_11\lib\tools.jar;C:\grails\grails-2.4.5\lib\org.codehaus.groovy\groovy-all\jars\groovy-all-2.3.11.jar;C:\grails\grails-2.4.5\lib\org.slf4j\jcl-over-slf4j\jars\jcl-over-slf4j-1.7.5.jar;C:\grails\grails-2.4.5\lib\org.codehaus.gant\gant_groovy1.8\jars\gant_groovy1.8-1.9.6.jar;C:\grails\grails-2.4.5\lib\org.apache.tomcat.embed\tomcat-embed-logging-log4j\jars\tomcat-embed-logging-log4j-7.0.50.jar;C:\grails\grails-2.4.5\dist\grails-plugin-log4j-2.4.5.jar;C:\grails\grails-2.4.5\lib\log4j\log4j\jars\log4j-1.2.17.jar;C:\grails\grails-2.4.5\dist\grails-bootstrap-2.4.5.jar;C:\grails\grails-2.4.5\lib\org.slf4j\slf4j-api\jars\slf4j-api-1.7.5.jar;C:\grails\grails-2.4.5\lib\jline\jline\jars\jline-2.12.jar;C:\grails\grails-2.4.5\lib\org.apache.ant\ant\jars\ant-1.8.4.jar;C:\grails\grails-2.4.5\lib\org.apache.ant\ant-launcher\jars\ant-launcher-1.8.4.jar;C:\grails\grails-2.4.5\lib\org.apache.ant\ant-trax\jars\ant-trax-1.7.1.jar;C:\grails\grails-2.4.5\lib\org.apache.ant\ant-junit\jars\ant-junit-1.8.4.jar;C:\grails\grails-2.4.5\lib\org.apache.ivy\ivy\jars\ivy-2.3.0.jar;C:\grails\grails-2.4.5\lib\org.fusesource.jansi\jansi\jars\jansi-1.11.jar;C:\Users\isend_000\.m2\repository\org\apache\tomcat\tomcat-catalina-ant\7.0.55\tomcat-catalina-ant-7.0.55.jar;C:\Users\isend_000\.m2\repository\org\apache\tomcat\embed\tomcat-embed-jasper\7.0.55\tomcat-embed-jasper-7.0.55.jar;C:\Users\isend_000\.m2\repository\org\apache\tomcat\embed\tomcat-embed-el\7.0.55\tomcat-embed-el-7.0.55.jar;C:\Users\isend_000\.m2\repository\org\apache\tomcat\embed\tomcat-embed-logging-log4j\7.0.55\tomcat-embed-logging-log4j-7.0.55.jar;C:\Users\isend_000\.m2\repository\org\apache\tomcat\embed\tomcat-embed-websocket\7.0.55\tomcat-embed-websocket-7.0.55.jar;C:\Users\isend_000\.m2\repository\org\apache\tomcat\embed\tomcat-embed-core\7.0.55\tomcat-embed-core-7.0.55.jar;C:\Users\isend_000\.m2\repository\org\eclipse\jdt\core\compiler\ecj\3.7.2\ecj-3.7.2.jar;E:\MyGroovyProj
Launcher Type: SUN_STANDARD

Environment Variables:
JAVA_HOME=C:\Program Files\Java\jdk1.8.0_11
JRE_HOME=C:\Program Files\Java\jre1.8.0_40
CLASSPATH=JAVA_HOME\lib;C:\Users\Public\apps\apache-log4j-2.3-bin;
PATH=C:\ProgramData\Oracle\Java\javapath;C:\Program Files (x86)\Intel\iCLS Client\;C:\Program Files\Intel\iCLS Client\;C:\Windows\system32;C:\Windows;C:\Windows\System32\Wbem;C:\Windows\System32\WindowsPowerShell\v1.0\;C:\Program Files\Intel\Intel(R) Management Engine Components\DAL;C:\Program Files\Intel\Intel(R) Management Engine Components\IPT;C:\Program Files (x86)\Intel\Intel(R) Management Engine Components\DAL;C:\Program Files (x86)\Intel\Intel(R) Management Engine Components\IPT;C:\Program Files (x86)\Intel\OpenCL SDK\2.0\bin\x86;C:\Program Files (x86)\Intel\OpenCL SDK\2.0\bin\x64;C:\Program Files\Intel\WiFi\bin\;C:\Program Files\Common Files\Intel\WirelessCommon\;C:\Program Files (x86)\Windows Kits\8.1\Windows Performance Toolkit\;C:\Program Files\Microsoft SQL Server\110\Tools\Binn\;C:\Program Files\Calibre2\;C:\Program Files (x86)\Microsoft SDKs\TypeScript\1.0\;C:\Program Files (x86)\Microsoft SQL Server\110\Tools\Binn\ManagementStudio\;C:\Program Files (x86)\Microsoft SQL Server\110\Tools\Binn\;C:\Program Files (x86)\Microsoft SQL Server\110\DTS\Binn\;C:\Program Files\Microsoft SQL Server\110\DTS\Binn\;C:\Program Files (x86)\Git\cmd;C:\Program Files (x86)\NVIDIA Corporation\PhysX\Common;C:\Program Files (x86)\Skype\Phone\;C:\Program Files (x86)\Brackets\command;C:\Program Files (x86)\nodejs\;C:\Program Files\Microsoft\Web Platform Installer\;C:\Ruby22-x64\bin;C:\ProgramData\chocolatey\bin;C:\Program Files\groovy-2.4.3\bin;C:\grails\grails-2.4.5\bin;C:\Users\isend_000\AppData\Roaming\npm;C:\mongodb\bin;
USERNAME=isend_000
OS=Windows_NT
PROCESSOR_IDENTIFIER=Intel64 Family 6 Model 58 Stepping 9, GenuineIntel



---------------  S Y S T E M  ---------------

OS: Windows 8.1 , 64 bit Build 9600 

CPU:total 4 (2 cores per cpu, 2 threads per core) family 6 model 58 stepping 9, cmov, cx8, fxsr, mmx, sse, sse2, sse3, ssse3, sse4.1, sse4.2, popcnt, avx, aes, clmul, erms, ht, tsc, tscinvbit

Memory: 4k page, physical 4028776k(783240k free), swap 7043432k(256456k free)

vm_info: Java HotSpot(TM) 64-Bit Server VM (25.11-b03) for windows-amd64 JRE (1.8.0_11-b12), built on Jun 16 2014 20:57:32 by "java_re" with MS VC++ 10.0 (VS2010)

time: Sun Jul 19 02:05:18 2015
elapsed time: 92 seconds

